<?xml version="1.0" encoding="UTF-8"?>
<!-- Generated by org.testng.reporters.JUnitReportReporter -->
<testsuite hostname="DESKTOP-38H9MV0" failures="0" tests="1" name="grouping_Demo.SignUp" time="0.002" errors="0" timestamp="2024-09-10T00:26:55 IST" skipped="0">
  <testcase classname="grouping_Demo.SignUp" name="signUpByEmail" time="0.002"/>
  <system-out/>
</testsuite> <!-- grouping_Demo.SignUp -->
