<?xml version="1.0" encoding="UTF-8"?>
<!-- Generated by org.testng.reporters.JUnitReportReporter -->
<testsuite hostname="DESKTOP-38H9MV0" failures="0" tests="2" name="sep8.Demo2" time="0.014" errors="0" timestamp="2024-09-08T17:54:53 IST" skipped="0">
  <testcase classname="sep8.Demo2" name="search" time="0.012"/>
  <system-out/>
  <testcase classname="sep8.Demo2" name="advancedsearch" time="0.002"/>
  <system-out/>
</testsuite> <!-- sep8.Demo2 -->
