<?xml version="1.0" encoding="UTF-8"?>
<!-- Generated by org.testng.reporters.JUnitReportReporter -->
<testsuite hostname="DESKTOP-38H9MV0" failures="0" tests="9" name="dataprovider.ParallelTesting" time="0.545" errors="0" timestamp="2024-09-11T01:19:47 IST" skipped="0">
  <testcase classname="dataprovider.ParallelTesting" name="testLogo" time="0.140"/>
  <system-out/>
  <testcase classname="dataprovider.ParallelTesting" name="testLogo" time="0.135"/>
  <system-out/>
  <testcase classname="dataprovider.ParallelTesting" name="testLogo" time="0.092"/>
  <system-out/>
  <testcase classname="dataprovider.ParallelTesting" name="testUrl" time="0.044"/>
  <system-out/>
  <testcase classname="dataprovider.ParallelTesting" name="testUrl" time="0.044"/>
  <system-out/>
  <testcase classname="dataprovider.ParallelTesting" name="testUrl" time="0.027"/>
  <system-out/>
  <testcase classname="dataprovider.ParallelTesting" name="testTitle" time="0.023"/>
  <system-out/>
  <testcase classname="dataprovider.ParallelTesting" name="testTitle" time="0.022"/>
  <system-out/>
  <testcase classname="dataprovider.ParallelTesting" name="testTitle" time="0.018"/>
  <system-out/>
</testsuite> <!-- dataprovider.ParallelTesting -->
