<?xml version="1.0" encoding="UTF-8"?>
<!-- Generated by org.testng.reporters.JUnitReportReporter -->
<testsuite hostname="DESKTOP-38H9MV0" failures="0" tests="3" name="grouping_Demo.Login" time="0.030" errors="0" timestamp="2024-09-10T00:26:55 IST" skipped="0">
  <testcase classname="grouping_Demo.Login" name="loginByEmail" time="0.022"/>
  <system-out/>
  <testcase classname="grouping_Demo.Login" name="loginByFacebook" time="0.005"/>
  <system-out/>
  <testcase classname="grouping_Demo.Login" name="loginByTwitter" time="0.003"/>
  <system-out/>
</testsuite> <!-- grouping_Demo.Login -->
