<?xml version="1.0" encoding="UTF-8"?>
<!-- Generated by org.testng.reporters.JUnitReportReporter -->
<testsuite hostname="DESKTOP-38H9MV0" failures="0" tests="1" name="pageobjectDemo.TestLogin" time="2.495" errors="0" timestamp="2024-09-13T15:28:54 IST" skipped="0">
  <testcase classname="pageobjectDemo.TestLogin" name="login" time="2.495"/>
  <system-out/>
</testsuite> <!-- pageobjectDemo.TestLogin -->
