<?xml version="1.0" encoding="UTF-8"?>
<!-- Generated by org.testng.reporters.JUnitReportReporter -->
<testsuite hostname="DESKTOP-38H9MV0" failures="0" tests="2" name="sep8.AnnotationDemo1" time="0.033" errors="0" timestamp="2024-09-08T17:34:54 IST" skipped="0">
  <testcase classname="sep8.AnnotationDemo1" name="search" time="0.017"/>
  <system-out/>
  <testcase classname="sep8.AnnotationDemo1" name="advancedsearch" time="0.016"/>
  <system-out/>
</testsuite> <!-- sep8.AnnotationDemo1 -->
