<?xml version="1.0" encoding="UTF-8"?>
<!-- Generated by org.testng.reporters.JUnitReportReporter -->
<testsuite hostname="DESKTOP-38H9MV0" failures="0" tests="2" name="dataprovider.DataProvider" time="14.377" errors="0" timestamp="2024-09-10T18:58:19 IST" skipped="0">
  <testcase classname="dataprovider.DataProvider" name="login" time="11.074"/>
  <system-out/>
  <testcase classname="dataprovider.DataProvider" name="login" time="3.303"/>
  <system-out/>
</testsuite> <!-- dataprovider.DataProvider -->
