<?xml version="1.0" encoding="UTF-8"?>
<!-- Generated by org.testng.reporters.JUnitReportReporter -->
<testsuite hostname="DESKTOP-38H9MV0" failures="0" tests="3" name="ListenersDemo.OrangeHRM" time="0.102" errors="0" timestamp="2024-09-12T11:47:17 IST" skipped="0">
  <testcase classname="ListenersDemo.OrangeHRM" name="testLogo" time="0.071"/>
  <system-out/>
  <testcase classname="ListenersDemo.OrangeHRM" name="testUrl" time="0.014"/>
  <system-out/>
  <testcase classname="ListenersDemo.OrangeHRM" name="testTitle" time="0.017"/>
  <system-out/>
</testsuite> <!-- ListenersDemo.OrangeHRM -->
