<?xml version="1.0" encoding="UTF-8"?>
<!-- Generated by org.testng.reporters.JUnitReportReporter -->
<testsuite hostname="DESKTOP-38H9MV0" failures="0" tests="3" name="sep7.sepFirst" time="0.043" errors="0" timestamp="2024-09-10T00:23:53 IST" skipped="0">
  <testcase classname="sep7.sepFirst" name="openapp" time="0.023"/>
  <system-out/>
  <testcase classname="sep7.sepFirst" name="login" time="0.008"/>
  <system-out/>
  <testcase classname="sep7.sepFirst" name="logout" time="0.012"/>
  <system-out/>
</testsuite> <!-- sep7.sepFirst -->
