<?xml version="1.0" encoding="UTF-8"?>
<!-- Generated by org.testng.reporters.JUnitReportReporter -->
<testsuite hostname="DESKTOP-38H9MV0" failures="0" tests="2" name="sep8_1.AllAnnotations" time="0.024" errors="0" timestamp="2024-09-08T23:21:03 IST" skipped="0">
  <testcase classname="sep8_1.AllAnnotations" name="test1" time="0.018"/>
  <system-out/>
  <testcase classname="sep8_1.AllAnnotations" name="test2" time="0.006"/>
  <system-out/>
</testsuite> <!-- sep8_1.AllAnnotations -->
